2020-07-27 15:22:24 INFO  Log:12 - ****************************************************************************************
2020-07-27 15:22:24 INFO  Log:13 - ****************************************************************************************
2020-07-27 15:22:24 INFO  Log:14 - $$$$$$$$$$$$$$$$$$$$$                 loginTest       $$$$$$$$$$$$$$$$$$$$$$$$$
2020-07-27 15:22:24 INFO  Log:15 - ****************************************************************************************
2020-07-27 15:22:24 INFO  Log:16 - ****************************************************************************************
2020-07-27 15:22:24 INFO  Log:31 - Operating System : Mac
2020-07-27 15:22:24 INFO  Log:31 - Browser Selected : Chrome
2020-07-27 15:22:30 INFO  Log:31 - Navigated To Url https://www.zoho.com/
2020-07-27 15:22:30 INFO  Log:31 - Clicking on the Login Button
2020-07-27 15:22:30 INFO  Log:31 - Login Button Clicked
2020-07-27 15:22:31 INFO  Log:21 - ****************************************************************************************
2020-07-27 15:22:31 INFO  Log:22 - ****************************************************************************************
2020-07-27 15:22:31 INFO  Log:23 - *********************************-E---N---D- ************************************
2020-07-27 15:22:31 INFO  Log:24 - ****************************************************************************************
2020-07-27 15:22:31 INFO  Log:25 - ****************************************************************************************
2020-07-27 15:22:31 INFO  Log:26 - ****************************************************************************************
2020-07-27 15:22:31 INFO  Log:31 - loginTest test Ended
2020-07-27 15:22:33 INFO  Log:12 - ****************************************************************************************
2020-07-27 15:22:33 INFO  Log:13 - ****************************************************************************************
2020-07-27 15:22:33 INFO  Log:14 - $$$$$$$$$$$$$$$$$$$$$                 logoTest       $$$$$$$$$$$$$$$$$$$$$$$$$
2020-07-27 15:22:33 INFO  Log:15 - ****************************************************************************************
2020-07-27 15:22:33 INFO  Log:16 - ****************************************************************************************
2020-07-27 15:22:33 INFO  Log:31 - Operating System : Mac
2020-07-27 15:22:33 INFO  Log:31 - Browser Selected : Chrome
2020-07-27 15:22:36 INFO  Log:31 - Navigated To Url https://www.zoho.com/
2020-07-27 15:22:36 INFO  Log:21 - ****************************************************************************************
2020-07-27 15:22:36 INFO  Log:22 - ****************************************************************************************
2020-07-27 15:22:36 INFO  Log:23 - *********************************-E---N---D- ************************************
2020-07-27 15:22:36 INFO  Log:24 - ****************************************************************************************
2020-07-27 15:22:36 INFO  Log:25 - ****************************************************************************************
2020-07-27 15:22:36 INFO  Log:26 - ****************************************************************************************
2020-07-27 15:22:36 INFO  Log:31 - logoTest test Ended
2020-07-27 15:22:37 INFO  Log:31 - Browser Closed
